"Number of words",contains_word_bs,std::binary_search
1,0.00855827,0.0181438
2,0.0335881,0.0260057
4,0.0144266,0.027207
8,0.0200405,0.0334882
16,0.0259783,0.0398651
32,0.0333111,0.0457143
64,0.0408519,0.0528456
128,0.0486311,0.0516905
256,0.0398941,0.0488686
512,0.065933,0.0623119
1024,0.0531733,0.0597795
2048,0.0584787,0.0655831
4096,0.0644368,0.0710156
8192,0.0717217,0.0810747
16384,0.0851656,0.0918523
32768,0.093964,0.100009
65536,0.145879,0.124425
124536,0.111868,0.112774
124536,0.110097,0.111882
124536,0.105616,0.113667
