"Number of words",contains_word_linear,std::find
1,0.000656463,0.000948179
2,0.000843233,0.00116542
4,0.00107061,0.0012976
8,0.00166834,0.00199752
16,0.00293073,0.00300339
32,0.00790622,0.00501117
64,0.0100953,0.0106073
128,0.017584,0.0156781
256,0.0326669,0.0343682
512,0.0886243,0.0579083
1024,0.133498,0.119474
2048,0.271963,0.241167
4096,0.453136,0.313194
8192,0.80114,0.611078
16384,1.46514,1.2539
32768,2.67974,2.27376
65536,5.3136,4.54527
124536,10.0721,9.83446
124536,9.92928,8.29387
124536,10.592,9.14446
